2025-10-27 12:54:52,904 ERROR frappe Unable to load translations
Site: erp-next.localhost
Form Dict: {}
Traceback (most recent call last):
  File "/home/ghild/erp-next/apps/frappe/frappe/app.py", line 102, in application
    init_request(request)
  File "/home/ghild/erp-next/apps/frappe/frappe/app.py", line 178, in init_request
    frappe.init(site, sites_path=_sites_path, force=True)
  File "/home/ghild/erp-next/apps/frappe/frappe/__init__.py", line 208, in init
    setup_module_map(include_all_apps=not (frappe.request or frappe.job or frappe.flags.in_migrate))
  File "/home/ghild/erp-next/apps/frappe/frappe/__init__.py", line 1040, in setup_module_map
    for module in get_module_list(app):
                  ^^^^^^^^^^^^^^^^^^^^
  File "/home/ghild/erp-next/apps/frappe/frappe/__init__.py", line 881, in get_module_list
    return get_file_items(get_app_path(app_name, "modules.txt"))
                          ^^^^^^^^^^^^^^^^^^^^^^^^^^^^^^^^^^^^^
  File "/home/ghild/erp-next/apps/frappe/frappe/__init__.py", line 846, in get_app_path
    return get_pymodule_path(app_name, *joins)
           ^^^^^^^^^^^^^^^^^^^^^^^^^^^^^^^^^^^
  File "/home/ghild/erp-next/apps/frappe/frappe/__init__.py", line 876, in get_pymodule_path
    return abspath(join(dirname(get_module(scrub(modulename)).__file__ or ""), *joins))
                                ^^^^^^^^^^^^^^^^^^^^^^^^^^^^^
  File "/home/ghild/erp-next/apps/frappe/frappe/__init__.py", line 817, in get_module
    return importlib.import_module(modulename)
           ^^^^^^^^^^^^^^^^^^^^^^^^^^^^^^^^^^^
  File "/usr/lib/python3.12/importlib/__init__.py", line 90, in import_module
    return _bootstrap._gcd_import(name[level:], package, level)
           ^^^^^^^^^^^^^^^^^^^^^^^^^^^^^^^^^^^^^^^^^^^^^^^^^^^^
  File "<frozen importlib._bootstrap>", line 1387, in _gcd_import
  File "<frozen importlib._bootstrap>", line 1360, in _find_and_load
  File "<frozen importlib._bootstrap>", line 1324, in _find_and_load_unlocked
ModuleNotFoundError: No module named 'erpnext'

During handling of the above exception, another exception occurred:

Traceback (most recent call last):
  File "/home/ghild/erp-next/apps/frappe/frappe/translate.py", line 174, in get_all_translations
    return frappe.cache.hget(MERGED_TRANSLATION_KEY, lang, generator=_merge_translations)
           ^^^^^^^^^^^^^^^^^^^^^^^^^^^^^^^^^^^^^^^^^^^^^^^^^^^^^^^^^^^^^^^^^^^^^^^^^^^^^^
  File "/home/ghild/erp-next/apps/frappe/frappe/utils/redis_wrapper.py", line 253, in hget
    value = generator()
            ^^^^^^^^^^^
  File "/home/ghild/erp-next/apps/frappe/frappe/translate.py", line 162, in _merge_translations
    all_translations.update(get_translations_from_apps(lang))
                            ^^^^^^^^^^^^^^^^^^^^^^^^^^^^^^^^
  File "/home/ghild/erp-next/apps/frappe/frappe/translate.py", line 190, in get_translations_from_apps
    translations.update(get_translations_from_csv(lang, app) or {})
                        ^^^^^^^^^^^^^^^^^^^^^^^^^^^^^^^^^^^^
  File "/home/ghild/erp-next/apps/frappe/frappe/translate.py", line 202, in get_translations_from_csv
    os.path.join(frappe.get_app_path(app, "translations"), lang + ".csv"), lang, app
                 ^^^^^^^^^^^^^^^^^^^^^^^^^^^^^^^^^^^^^^^^
  File "/home/ghild/erp-next/apps/frappe/frappe/__init__.py", line 846, in get_app_path
    return get_pymodule_path(app_name, *joins)
           ^^^^^^^^^^^^^^^^^^^^^^^^^^^^^^^^^^^
  File "/home/ghild/erp-next/apps/frappe/frappe/__init__.py", line 876, in get_pymodule_path
    return abspath(join(dirname(get_module(scrub(modulename)).__file__ or ""), *joins))
                                ^^^^^^^^^^^^^^^^^^^^^^^^^^^^^
  File "/home/ghild/erp-next/apps/frappe/frappe/__init__.py", line 817, in get_module
    return importlib.import_module(modulename)
           ^^^^^^^^^^^^^^^^^^^^^^^^^^^^^^^^^^^
  File "/usr/lib/python3.12/importlib/__init__.py", line 90, in import_module
    return _bootstrap._gcd_import(name[level:], package, level)
           ^^^^^^^^^^^^^^^^^^^^^^^^^^^^^^^^^^^^^^^^^^^^^^^^^^^^
  File "<frozen importlib._bootstrap>", line 1387, in _gcd_import
  File "<frozen importlib._bootstrap>", line 1360, in _find_and_load
  File "<frozen importlib._bootstrap>", line 1324, in _find_and_load_unlocked
ModuleNotFoundError: No module named 'erpnext'
2025-10-27 12:54:52,906 ERROR frappe Unable to load translations
Site: erp-next.localhost
Form Dict: {}
Traceback (most recent call last):
  File "/home/ghild/erp-next/apps/frappe/frappe/app.py", line 102, in application
    init_request(request)
  File "/home/ghild/erp-next/apps/frappe/frappe/app.py", line 178, in init_request
    frappe.init(site, sites_path=_sites_path, force=True)
  File "/home/ghild/erp-next/apps/frappe/frappe/__init__.py", line 208, in init
    setup_module_map(include_all_apps=not (frappe.request or frappe.job or frappe.flags.in_migrate))
  File "/home/ghild/erp-next/apps/frappe/frappe/__init__.py", line 1040, in setup_module_map
    for module in get_module_list(app):
                  ^^^^^^^^^^^^^^^^^^^^
  File "/home/ghild/erp-next/apps/frappe/frappe/__init__.py", line 881, in get_module_list
    return get_file_items(get_app_path(app_name, "modules.txt"))
                          ^^^^^^^^^^^^^^^^^^^^^^^^^^^^^^^^^^^^^
  File "/home/ghild/erp-next/apps/frappe/frappe/__init__.py", line 846, in get_app_path
    return get_pymodule_path(app_name, *joins)
           ^^^^^^^^^^^^^^^^^^^^^^^^^^^^^^^^^^^
  File "/home/ghild/erp-next/apps/frappe/frappe/__init__.py", line 876, in get_pymodule_path
    return abspath(join(dirname(get_module(scrub(modulename)).__file__ or ""), *joins))
                                ^^^^^^^^^^^^^^^^^^^^^^^^^^^^^
  File "/home/ghild/erp-next/apps/frappe/frappe/__init__.py", line 817, in get_module
    return importlib.import_module(modulename)
           ^^^^^^^^^^^^^^^^^^^^^^^^^^^^^^^^^^^
  File "/usr/lib/python3.12/importlib/__init__.py", line 90, in import_module
    return _bootstrap._gcd_import(name[level:], package, level)
           ^^^^^^^^^^^^^^^^^^^^^^^^^^^^^^^^^^^^^^^^^^^^^^^^^^^^
  File "<frozen importlib._bootstrap>", line 1387, in _gcd_import
  File "<frozen importlib._bootstrap>", line 1360, in _find_and_load
  File "<frozen importlib._bootstrap>", line 1324, in _find_and_load_unlocked
ModuleNotFoundError: No module named 'erpnext'

During handling of the above exception, another exception occurred:

Traceback (most recent call last):
  File "/home/ghild/erp-next/apps/frappe/frappe/translate.py", line 174, in get_all_translations
    return frappe.cache.hget(MERGED_TRANSLATION_KEY, lang, generator=_merge_translations)
           ^^^^^^^^^^^^^^^^^^^^^^^^^^^^^^^^^^^^^^^^^^^^^^^^^^^^^^^^^^^^^^^^^^^^^^^^^^^^^^
  File "/home/ghild/erp-next/apps/frappe/frappe/utils/redis_wrapper.py", line 253, in hget
    value = generator()
            ^^^^^^^^^^^
  File "/home/ghild/erp-next/apps/frappe/frappe/translate.py", line 162, in _merge_translations
    all_translations.update(get_translations_from_apps(lang))
                            ^^^^^^^^^^^^^^^^^^^^^^^^^^^^^^^^
  File "/home/ghild/erp-next/apps/frappe/frappe/translate.py", line 190, in get_translations_from_apps
    translations.update(get_translations_from_csv(lang, app) or {})
                        ^^^^^^^^^^^^^^^^^^^^^^^^^^^^^^^^^^^^
  File "/home/ghild/erp-next/apps/frappe/frappe/translate.py", line 202, in get_translations_from_csv
    os.path.join(frappe.get_app_path(app, "translations"), lang + ".csv"), lang, app
                 ^^^^^^^^^^^^^^^^^^^^^^^^^^^^^^^^^^^^^^^^
  File "/home/ghild/erp-next/apps/frappe/frappe/__init__.py", line 846, in get_app_path
    return get_pymodule_path(app_name, *joins)
           ^^^^^^^^^^^^^^^^^^^^^^^^^^^^^^^^^^^
  File "/home/ghild/erp-next/apps/frappe/frappe/__init__.py", line 876, in get_pymodule_path
    return abspath(join(dirname(get_module(scrub(modulename)).__file__ or ""), *joins))
                                ^^^^^^^^^^^^^^^^^^^^^^^^^^^^^
  File "/home/ghild/erp-next/apps/frappe/frappe/__init__.py", line 817, in get_module
    return importlib.import_module(modulename)
           ^^^^^^^^^^^^^^^^^^^^^^^^^^^^^^^^^^^
  File "/usr/lib/python3.12/importlib/__init__.py", line 90, in import_module
    return _bootstrap._gcd_import(name[level:], package, level)
           ^^^^^^^^^^^^^^^^^^^^^^^^^^^^^^^^^^^^^^^^^^^^^^^^^^^^
  File "<frozen importlib._bootstrap>", line 1387, in _gcd_import
  File "<frozen importlib._bootstrap>", line 1360, in _find_and_load
  File "<frozen importlib._bootstrap>", line 1324, in _find_and_load_unlocked
ModuleNotFoundError: No module named 'erpnext'
2025-10-27 12:55:05,901 ERROR frappe Unable to load translations
Site: erp-next.localhost
Form Dict: {}
Traceback (most recent call last):
  File "/home/ghild/erp-next/apps/frappe/frappe/app.py", line 102, in application
    init_request(request)
  File "/home/ghild/erp-next/apps/frappe/frappe/app.py", line 178, in init_request
    frappe.init(site, sites_path=_sites_path, force=True)
  File "/home/ghild/erp-next/apps/frappe/frappe/__init__.py", line 208, in init
    setup_module_map(include_all_apps=not (frappe.request or frappe.job or frappe.flags.in_migrate))
  File "/home/ghild/erp-next/apps/frappe/frappe/__init__.py", line 1040, in setup_module_map
    for module in get_module_list(app):
                  ^^^^^^^^^^^^^^^^^^^^
  File "/home/ghild/erp-next/apps/frappe/frappe/__init__.py", line 881, in get_module_list
    return get_file_items(get_app_path(app_name, "modules.txt"))
                          ^^^^^^^^^^^^^^^^^^^^^^^^^^^^^^^^^^^^^
  File "/home/ghild/erp-next/apps/frappe/frappe/__init__.py", line 846, in get_app_path
    return get_pymodule_path(app_name, *joins)
           ^^^^^^^^^^^^^^^^^^^^^^^^^^^^^^^^^^^
  File "/home/ghild/erp-next/apps/frappe/frappe/__init__.py", line 876, in get_pymodule_path
    return abspath(join(dirname(get_module(scrub(modulename)).__file__ or ""), *joins))
                                ^^^^^^^^^^^^^^^^^^^^^^^^^^^^^
  File "/home/ghild/erp-next/apps/frappe/frappe/__init__.py", line 817, in get_module
    return importlib.import_module(modulename)
           ^^^^^^^^^^^^^^^^^^^^^^^^^^^^^^^^^^^
  File "/usr/lib/python3.12/importlib/__init__.py", line 90, in import_module
    return _bootstrap._gcd_import(name[level:], package, level)
           ^^^^^^^^^^^^^^^^^^^^^^^^^^^^^^^^^^^^^^^^^^^^^^^^^^^^
  File "<frozen importlib._bootstrap>", line 1387, in _gcd_import
  File "<frozen importlib._bootstrap>", line 1360, in _find_and_load
  File "<frozen importlib._bootstrap>", line 1324, in _find_and_load_unlocked
ModuleNotFoundError: No module named 'erpnext'

During handling of the above exception, another exception occurred:

Traceback (most recent call last):
  File "/home/ghild/erp-next/apps/frappe/frappe/translate.py", line 174, in get_all_translations
    return frappe.cache.hget(MERGED_TRANSLATION_KEY, lang, generator=_merge_translations)
           ^^^^^^^^^^^^^^^^^^^^^^^^^^^^^^^^^^^^^^^^^^^^^^^^^^^^^^^^^^^^^^^^^^^^^^^^^^^^^^
  File "/home/ghild/erp-next/apps/frappe/frappe/utils/redis_wrapper.py", line 253, in hget
    value = generator()
            ^^^^^^^^^^^
  File "/home/ghild/erp-next/apps/frappe/frappe/translate.py", line 162, in _merge_translations
    all_translations.update(get_translations_from_apps(lang))
                            ^^^^^^^^^^^^^^^^^^^^^^^^^^^^^^^^
  File "/home/ghild/erp-next/apps/frappe/frappe/translate.py", line 190, in get_translations_from_apps
    translations.update(get_translations_from_csv(lang, app) or {})
                        ^^^^^^^^^^^^^^^^^^^^^^^^^^^^^^^^^^^^
  File "/home/ghild/erp-next/apps/frappe/frappe/translate.py", line 202, in get_translations_from_csv
    os.path.join(frappe.get_app_path(app, "translations"), lang + ".csv"), lang, app
                 ^^^^^^^^^^^^^^^^^^^^^^^^^^^^^^^^^^^^^^^^
  File "/home/ghild/erp-next/apps/frappe/frappe/__init__.py", line 846, in get_app_path
    return get_pymodule_path(app_name, *joins)
           ^^^^^^^^^^^^^^^^^^^^^^^^^^^^^^^^^^^
  File "/home/ghild/erp-next/apps/frappe/frappe/__init__.py", line 876, in get_pymodule_path
    return abspath(join(dirname(get_module(scrub(modulename)).__file__ or ""), *joins))
                                ^^^^^^^^^^^^^^^^^^^^^^^^^^^^^
  File "/home/ghild/erp-next/apps/frappe/frappe/__init__.py", line 817, in get_module
    return importlib.import_module(modulename)
           ^^^^^^^^^^^^^^^^^^^^^^^^^^^^^^^^^^^
  File "/usr/lib/python3.12/importlib/__init__.py", line 90, in import_module
    return _bootstrap._gcd_import(name[level:], package, level)
           ^^^^^^^^^^^^^^^^^^^^^^^^^^^^^^^^^^^^^^^^^^^^^^^^^^^^
  File "<frozen importlib._bootstrap>", line 1387, in _gcd_import
  File "<frozen importlib._bootstrap>", line 1360, in _find_and_load
  File "<frozen importlib._bootstrap>", line 1324, in _find_and_load_unlocked
ModuleNotFoundError: No module named 'erpnext'
2025-10-27 12:55:05,902 ERROR frappe Unable to load translations
Site: erp-next.localhost
Form Dict: {}
Traceback (most recent call last):
  File "/home/ghild/erp-next/apps/frappe/frappe/app.py", line 102, in application
    init_request(request)
  File "/home/ghild/erp-next/apps/frappe/frappe/app.py", line 178, in init_request
    frappe.init(site, sites_path=_sites_path, force=True)
  File "/home/ghild/erp-next/apps/frappe/frappe/__init__.py", line 208, in init
    setup_module_map(include_all_apps=not (frappe.request or frappe.job or frappe.flags.in_migrate))
  File "/home/ghild/erp-next/apps/frappe/frappe/__init__.py", line 1040, in setup_module_map
    for module in get_module_list(app):
                  ^^^^^^^^^^^^^^^^^^^^
  File "/home/ghild/erp-next/apps/frappe/frappe/__init__.py", line 881, in get_module_list
    return get_file_items(get_app_path(app_name, "modules.txt"))
                          ^^^^^^^^^^^^^^^^^^^^^^^^^^^^^^^^^^^^^
  File "/home/ghild/erp-next/apps/frappe/frappe/__init__.py", line 846, in get_app_path
    return get_pymodule_path(app_name, *joins)
           ^^^^^^^^^^^^^^^^^^^^^^^^^^^^^^^^^^^
  File "/home/ghild/erp-next/apps/frappe/frappe/__init__.py", line 876, in get_pymodule_path
    return abspath(join(dirname(get_module(scrub(modulename)).__file__ or ""), *joins))
                                ^^^^^^^^^^^^^^^^^^^^^^^^^^^^^
  File "/home/ghild/erp-next/apps/frappe/frappe/__init__.py", line 817, in get_module
    return importlib.import_module(modulename)
           ^^^^^^^^^^^^^^^^^^^^^^^^^^^^^^^^^^^
  File "/usr/lib/python3.12/importlib/__init__.py", line 90, in import_module
    return _bootstrap._gcd_import(name[level:], package, level)
           ^^^^^^^^^^^^^^^^^^^^^^^^^^^^^^^^^^^^^^^^^^^^^^^^^^^^
  File "<frozen importlib._bootstrap>", line 1387, in _gcd_import
  File "<frozen importlib._bootstrap>", line 1360, in _find_and_load
  File "<frozen importlib._bootstrap>", line 1324, in _find_and_load_unlocked
ModuleNotFoundError: No module named 'erpnext'

During handling of the above exception, another exception occurred:

Traceback (most recent call last):
  File "/home/ghild/erp-next/apps/frappe/frappe/translate.py", line 174, in get_all_translations
    return frappe.cache.hget(MERGED_TRANSLATION_KEY, lang, generator=_merge_translations)
           ^^^^^^^^^^^^^^^^^^^^^^^^^^^^^^^^^^^^^^^^^^^^^^^^^^^^^^^^^^^^^^^^^^^^^^^^^^^^^^
  File "/home/ghild/erp-next/apps/frappe/frappe/utils/redis_wrapper.py", line 253, in hget
    value = generator()
            ^^^^^^^^^^^
  File "/home/ghild/erp-next/apps/frappe/frappe/translate.py", line 162, in _merge_translations
    all_translations.update(get_translations_from_apps(lang))
                            ^^^^^^^^^^^^^^^^^^^^^^^^^^^^^^^^
  File "/home/ghild/erp-next/apps/frappe/frappe/translate.py", line 190, in get_translations_from_apps
    translations.update(get_translations_from_csv(lang, app) or {})
                        ^^^^^^^^^^^^^^^^^^^^^^^^^^^^^^^^^^^^
  File "/home/ghild/erp-next/apps/frappe/frappe/translate.py", line 202, in get_translations_from_csv
    os.path.join(frappe.get_app_path(app, "translations"), lang + ".csv"), lang, app
                 ^^^^^^^^^^^^^^^^^^^^^^^^^^^^^^^^^^^^^^^^
  File "/home/ghild/erp-next/apps/frappe/frappe/__init__.py", line 846, in get_app_path
    return get_pymodule_path(app_name, *joins)
           ^^^^^^^^^^^^^^^^^^^^^^^^^^^^^^^^^^^
  File "/home/ghild/erp-next/apps/frappe/frappe/__init__.py", line 876, in get_pymodule_path
    return abspath(join(dirname(get_module(scrub(modulename)).__file__ or ""), *joins))
                                ^^^^^^^^^^^^^^^^^^^^^^^^^^^^^
  File "/home/ghild/erp-next/apps/frappe/frappe/__init__.py", line 817, in get_module
    return importlib.import_module(modulename)
           ^^^^^^^^^^^^^^^^^^^^^^^^^^^^^^^^^^^
  File "/usr/lib/python3.12/importlib/__init__.py", line 90, in import_module
    return _bootstrap._gcd_import(name[level:], package, level)
           ^^^^^^^^^^^^^^^^^^^^^^^^^^^^^^^^^^^^^^^^^^^^^^^^^^^^
  File "<frozen importlib._bootstrap>", line 1387, in _gcd_import
  File "<frozen importlib._bootstrap>", line 1360, in _find_and_load
  File "<frozen importlib._bootstrap>", line 1324, in _find_and_load_unlocked
ModuleNotFoundError: No module named 'erpnext'
2025-10-27 12:55:53,400 ERROR frappe Unable to load translations
Site: erp-next.localhost
Form Dict: {}
Traceback (most recent call last):
  File "/home/ghild/erp-next/apps/frappe/frappe/app.py", line 102, in application
    init_request(request)
  File "/home/ghild/erp-next/apps/frappe/frappe/app.py", line 178, in init_request
    frappe.init(site, sites_path=_sites_path, force=True)
  File "/home/ghild/erp-next/apps/frappe/frappe/__init__.py", line 208, in init
    setup_module_map(include_all_apps=not (frappe.request or frappe.job or frappe.flags.in_migrate))
  File "/home/ghild/erp-next/apps/frappe/frappe/__init__.py", line 1040, in setup_module_map
    for module in get_module_list(app):
                  ^^^^^^^^^^^^^^^^^^^^
  File "/home/ghild/erp-next/apps/frappe/frappe/__init__.py", line 881, in get_module_list
    return get_file_items(get_app_path(app_name, "modules.txt"))
                          ^^^^^^^^^^^^^^^^^^^^^^^^^^^^^^^^^^^^^
  File "/home/ghild/erp-next/apps/frappe/frappe/__init__.py", line 846, in get_app_path
    return get_pymodule_path(app_name, *joins)
           ^^^^^^^^^^^^^^^^^^^^^^^^^^^^^^^^^^^
  File "/home/ghild/erp-next/apps/frappe/frappe/__init__.py", line 876, in get_pymodule_path
    return abspath(join(dirname(get_module(scrub(modulename)).__file__ or ""), *joins))
                                ^^^^^^^^^^^^^^^^^^^^^^^^^^^^^
  File "/home/ghild/erp-next/apps/frappe/frappe/__init__.py", line 817, in get_module
    return importlib.import_module(modulename)
           ^^^^^^^^^^^^^^^^^^^^^^^^^^^^^^^^^^^
  File "/usr/lib/python3.12/importlib/__init__.py", line 90, in import_module
    return _bootstrap._gcd_import(name[level:], package, level)
           ^^^^^^^^^^^^^^^^^^^^^^^^^^^^^^^^^^^^^^^^^^^^^^^^^^^^
  File "<frozen importlib._bootstrap>", line 1387, in _gcd_import
  File "<frozen importlib._bootstrap>", line 1360, in _find_and_load
  File "<frozen importlib._bootstrap>", line 1324, in _find_and_load_unlocked
ModuleNotFoundError: No module named 'erpnext'

During handling of the above exception, another exception occurred:

Traceback (most recent call last):
  File "/home/ghild/erp-next/apps/frappe/frappe/translate.py", line 174, in get_all_translations
    return frappe.cache.hget(MERGED_TRANSLATION_KEY, lang, generator=_merge_translations)
           ^^^^^^^^^^^^^^^^^^^^^^^^^^^^^^^^^^^^^^^^^^^^^^^^^^^^^^^^^^^^^^^^^^^^^^^^^^^^^^
  File "/home/ghild/erp-next/apps/frappe/frappe/utils/redis_wrapper.py", line 253, in hget
    value = generator()
            ^^^^^^^^^^^
  File "/home/ghild/erp-next/apps/frappe/frappe/translate.py", line 162, in _merge_translations
    all_translations.update(get_translations_from_apps(lang))
                            ^^^^^^^^^^^^^^^^^^^^^^^^^^^^^^^^
  File "/home/ghild/erp-next/apps/frappe/frappe/translate.py", line 190, in get_translations_from_apps
    translations.update(get_translations_from_csv(lang, app) or {})
                        ^^^^^^^^^^^^^^^^^^^^^^^^^^^^^^^^^^^^
  File "/home/ghild/erp-next/apps/frappe/frappe/translate.py", line 202, in get_translations_from_csv
    os.path.join(frappe.get_app_path(app, "translations"), lang + ".csv"), lang, app
                 ^^^^^^^^^^^^^^^^^^^^^^^^^^^^^^^^^^^^^^^^
  File "/home/ghild/erp-next/apps/frappe/frappe/__init__.py", line 846, in get_app_path
    return get_pymodule_path(app_name, *joins)
           ^^^^^^^^^^^^^^^^^^^^^^^^^^^^^^^^^^^
  File "/home/ghild/erp-next/apps/frappe/frappe/__init__.py", line 876, in get_pymodule_path
    return abspath(join(dirname(get_module(scrub(modulename)).__file__ or ""), *joins))
                                ^^^^^^^^^^^^^^^^^^^^^^^^^^^^^
  File "/home/ghild/erp-next/apps/frappe/frappe/__init__.py", line 817, in get_module
    return importlib.import_module(modulename)
           ^^^^^^^^^^^^^^^^^^^^^^^^^^^^^^^^^^^
  File "/usr/lib/python3.12/importlib/__init__.py", line 90, in import_module
    return _bootstrap._gcd_import(name[level:], package, level)
           ^^^^^^^^^^^^^^^^^^^^^^^^^^^^^^^^^^^^^^^^^^^^^^^^^^^^
  File "<frozen importlib._bootstrap>", line 1387, in _gcd_import
  File "<frozen importlib._bootstrap>", line 1360, in _find_and_load
  File "<frozen importlib._bootstrap>", line 1324, in _find_and_load_unlocked
ModuleNotFoundError: No module named 'erpnext'
2025-10-27 12:55:53,402 ERROR frappe Unable to load translations
Site: erp-next.localhost
Form Dict: {}
Traceback (most recent call last):
  File "/home/ghild/erp-next/apps/frappe/frappe/app.py", line 102, in application
    init_request(request)
  File "/home/ghild/erp-next/apps/frappe/frappe/app.py", line 178, in init_request
    frappe.init(site, sites_path=_sites_path, force=True)
  File "/home/ghild/erp-next/apps/frappe/frappe/__init__.py", line 208, in init
    setup_module_map(include_all_apps=not (frappe.request or frappe.job or frappe.flags.in_migrate))
  File "/home/ghild/erp-next/apps/frappe/frappe/__init__.py", line 1040, in setup_module_map
    for module in get_module_list(app):
                  ^^^^^^^^^^^^^^^^^^^^
  File "/home/ghild/erp-next/apps/frappe/frappe/__init__.py", line 881, in get_module_list
    return get_file_items(get_app_path(app_name, "modules.txt"))
                          ^^^^^^^^^^^^^^^^^^^^^^^^^^^^^^^^^^^^^
  File "/home/ghild/erp-next/apps/frappe/frappe/__init__.py", line 846, in get_app_path
    return get_pymodule_path(app_name, *joins)
           ^^^^^^^^^^^^^^^^^^^^^^^^^^^^^^^^^^^
  File "/home/ghild/erp-next/apps/frappe/frappe/__init__.py", line 876, in get_pymodule_path
    return abspath(join(dirname(get_module(scrub(modulename)).__file__ or ""), *joins))
                                ^^^^^^^^^^^^^^^^^^^^^^^^^^^^^
  File "/home/ghild/erp-next/apps/frappe/frappe/__init__.py", line 817, in get_module
    return importlib.import_module(modulename)
           ^^^^^^^^^^^^^^^^^^^^^^^^^^^^^^^^^^^
  File "/usr/lib/python3.12/importlib/__init__.py", line 90, in import_module
    return _bootstrap._gcd_import(name[level:], package, level)
           ^^^^^^^^^^^^^^^^^^^^^^^^^^^^^^^^^^^^^^^^^^^^^^^^^^^^
  File "<frozen importlib._bootstrap>", line 1387, in _gcd_import
  File "<frozen importlib._bootstrap>", line 1360, in _find_and_load
  File "<frozen importlib._bootstrap>", line 1324, in _find_and_load_unlocked
ModuleNotFoundError: No module named 'erpnext'

During handling of the above exception, another exception occurred:

Traceback (most recent call last):
  File "/home/ghild/erp-next/apps/frappe/frappe/translate.py", line 174, in get_all_translations
    return frappe.cache.hget(MERGED_TRANSLATION_KEY, lang, generator=_merge_translations)
           ^^^^^^^^^^^^^^^^^^^^^^^^^^^^^^^^^^^^^^^^^^^^^^^^^^^^^^^^^^^^^^^^^^^^^^^^^^^^^^
  File "/home/ghild/erp-next/apps/frappe/frappe/utils/redis_wrapper.py", line 253, in hget
    value = generator()
            ^^^^^^^^^^^
  File "/home/ghild/erp-next/apps/frappe/frappe/translate.py", line 162, in _merge_translations
    all_translations.update(get_translations_from_apps(lang))
                            ^^^^^^^^^^^^^^^^^^^^^^^^^^^^^^^^
  File "/home/ghild/erp-next/apps/frappe/frappe/translate.py", line 190, in get_translations_from_apps
    translations.update(get_translations_from_csv(lang, app) or {})
                        ^^^^^^^^^^^^^^^^^^^^^^^^^^^^^^^^^^^^
  File "/home/ghild/erp-next/apps/frappe/frappe/translate.py", line 202, in get_translations_from_csv
    os.path.join(frappe.get_app_path(app, "translations"), lang + ".csv"), lang, app
                 ^^^^^^^^^^^^^^^^^^^^^^^^^^^^^^^^^^^^^^^^
  File "/home/ghild/erp-next/apps/frappe/frappe/__init__.py", line 846, in get_app_path
    return get_pymodule_path(app_name, *joins)
           ^^^^^^^^^^^^^^^^^^^^^^^^^^^^^^^^^^^
  File "/home/ghild/erp-next/apps/frappe/frappe/__init__.py", line 876, in get_pymodule_path
    return abspath(join(dirname(get_module(scrub(modulename)).__file__ or ""), *joins))
                                ^^^^^^^^^^^^^^^^^^^^^^^^^^^^^
  File "/home/ghild/erp-next/apps/frappe/frappe/__init__.py", line 817, in get_module
    return importlib.import_module(modulename)
           ^^^^^^^^^^^^^^^^^^^^^^^^^^^^^^^^^^^
  File "/usr/lib/python3.12/importlib/__init__.py", line 90, in import_module
    return _bootstrap._gcd_import(name[level:], package, level)
           ^^^^^^^^^^^^^^^^^^^^^^^^^^^^^^^^^^^^^^^^^^^^^^^^^^^^
  File "<frozen importlib._bootstrap>", line 1387, in _gcd_import
  File "<frozen importlib._bootstrap>", line 1360, in _find_and_load
  File "<frozen importlib._bootstrap>", line 1324, in _find_and_load_unlocked
ModuleNotFoundError: No module named 'erpnext'
2025-10-27 12:55:59,323 ERROR frappe Unable to load translations
Site: erp-next.localhost
Form Dict: {}
Traceback (most recent call last):
  File "/home/ghild/erp-next/apps/frappe/frappe/app.py", line 102, in application
    init_request(request)
  File "/home/ghild/erp-next/apps/frappe/frappe/app.py", line 178, in init_request
    frappe.init(site, sites_path=_sites_path, force=True)
  File "/home/ghild/erp-next/apps/frappe/frappe/__init__.py", line 208, in init
    setup_module_map(include_all_apps=not (frappe.request or frappe.job or frappe.flags.in_migrate))
  File "/home/ghild/erp-next/apps/frappe/frappe/__init__.py", line 1040, in setup_module_map
    for module in get_module_list(app):
                  ^^^^^^^^^^^^^^^^^^^^
  File "/home/ghild/erp-next/apps/frappe/frappe/__init__.py", line 881, in get_module_list
    return get_file_items(get_app_path(app_name, "modules.txt"))
                          ^^^^^^^^^^^^^^^^^^^^^^^^^^^^^^^^^^^^^
  File "/home/ghild/erp-next/apps/frappe/frappe/__init__.py", line 846, in get_app_path
    return get_pymodule_path(app_name, *joins)
           ^^^^^^^^^^^^^^^^^^^^^^^^^^^^^^^^^^^
  File "/home/ghild/erp-next/apps/frappe/frappe/__init__.py", line 876, in get_pymodule_path
    return abspath(join(dirname(get_module(scrub(modulename)).__file__ or ""), *joins))
                                ^^^^^^^^^^^^^^^^^^^^^^^^^^^^^
  File "/home/ghild/erp-next/apps/frappe/frappe/__init__.py", line 817, in get_module
    return importlib.import_module(modulename)
           ^^^^^^^^^^^^^^^^^^^^^^^^^^^^^^^^^^^
  File "/usr/lib/python3.12/importlib/__init__.py", line 90, in import_module
    return _bootstrap._gcd_import(name[level:], package, level)
           ^^^^^^^^^^^^^^^^^^^^^^^^^^^^^^^^^^^^^^^^^^^^^^^^^^^^
  File "<frozen importlib._bootstrap>", line 1387, in _gcd_import
  File "<frozen importlib._bootstrap>", line 1360, in _find_and_load
  File "<frozen importlib._bootstrap>", line 1324, in _find_and_load_unlocked
ModuleNotFoundError: No module named 'erpnext'

During handling of the above exception, another exception occurred:

Traceback (most recent call last):
  File "/home/ghild/erp-next/apps/frappe/frappe/translate.py", line 174, in get_all_translations
    return frappe.cache.hget(MERGED_TRANSLATION_KEY, lang, generator=_merge_translations)
           ^^^^^^^^^^^^^^^^^^^^^^^^^^^^^^^^^^^^^^^^^^^^^^^^^^^^^^^^^^^^^^^^^^^^^^^^^^^^^^
  File "/home/ghild/erp-next/apps/frappe/frappe/utils/redis_wrapper.py", line 253, in hget
    value = generator()
            ^^^^^^^^^^^
  File "/home/ghild/erp-next/apps/frappe/frappe/translate.py", line 162, in _merge_translations
    all_translations.update(get_translations_from_apps(lang))
                            ^^^^^^^^^^^^^^^^^^^^^^^^^^^^^^^^
  File "/home/ghild/erp-next/apps/frappe/frappe/translate.py", line 190, in get_translations_from_apps
    translations.update(get_translations_from_csv(lang, app) or {})
                        ^^^^^^^^^^^^^^^^^^^^^^^^^^^^^^^^^^^^
  File "/home/ghild/erp-next/apps/frappe/frappe/translate.py", line 202, in get_translations_from_csv
    os.path.join(frappe.get_app_path(app, "translations"), lang + ".csv"), lang, app
                 ^^^^^^^^^^^^^^^^^^^^^^^^^^^^^^^^^^^^^^^^
  File "/home/ghild/erp-next/apps/frappe/frappe/__init__.py", line 846, in get_app_path
    return get_pymodule_path(app_name, *joins)
           ^^^^^^^^^^^^^^^^^^^^^^^^^^^^^^^^^^^
  File "/home/ghild/erp-next/apps/frappe/frappe/__init__.py", line 876, in get_pymodule_path
    return abspath(join(dirname(get_module(scrub(modulename)).__file__ or ""), *joins))
                                ^^^^^^^^^^^^^^^^^^^^^^^^^^^^^
  File "/home/ghild/erp-next/apps/frappe/frappe/__init__.py", line 817, in get_module
    return importlib.import_module(modulename)
           ^^^^^^^^^^^^^^^^^^^^^^^^^^^^^^^^^^^
  File "/usr/lib/python3.12/importlib/__init__.py", line 90, in import_module
    return _bootstrap._gcd_import(name[level:], package, level)
           ^^^^^^^^^^^^^^^^^^^^^^^^^^^^^^^^^^^^^^^^^^^^^^^^^^^^
  File "<frozen importlib._bootstrap>", line 1387, in _gcd_import
  File "<frozen importlib._bootstrap>", line 1360, in _find_and_load
  File "<frozen importlib._bootstrap>", line 1324, in _find_and_load_unlocked
ModuleNotFoundError: No module named 'erpnext'
2025-10-27 12:55:59,327 ERROR frappe Unable to load translations
Site: erp-next.localhost
Form Dict: {}
Traceback (most recent call last):
  File "/home/ghild/erp-next/apps/frappe/frappe/app.py", line 102, in application
    init_request(request)
  File "/home/ghild/erp-next/apps/frappe/frappe/app.py", line 178, in init_request
    frappe.init(site, sites_path=_sites_path, force=True)
  File "/home/ghild/erp-next/apps/frappe/frappe/__init__.py", line 208, in init
    setup_module_map(include_all_apps=not (frappe.request or frappe.job or frappe.flags.in_migrate))
  File "/home/ghild/erp-next/apps/frappe/frappe/__init__.py", line 1040, in setup_module_map
    for module in get_module_list(app):
                  ^^^^^^^^^^^^^^^^^^^^
  File "/home/ghild/erp-next/apps/frappe/frappe/__init__.py", line 881, in get_module_list
    return get_file_items(get_app_path(app_name, "modules.txt"))
                          ^^^^^^^^^^^^^^^^^^^^^^^^^^^^^^^^^^^^^
  File "/home/ghild/erp-next/apps/frappe/frappe/__init__.py", line 846, in get_app_path
    return get_pymodule_path(app_name, *joins)
           ^^^^^^^^^^^^^^^^^^^^^^^^^^^^^^^^^^^
  File "/home/ghild/erp-next/apps/frappe/frappe/__init__.py", line 876, in get_pymodule_path
    return abspath(join(dirname(get_module(scrub(modulename)).__file__ or ""), *joins))
                                ^^^^^^^^^^^^^^^^^^^^^^^^^^^^^
  File "/home/ghild/erp-next/apps/frappe/frappe/__init__.py", line 817, in get_module
    return importlib.import_module(modulename)
           ^^^^^^^^^^^^^^^^^^^^^^^^^^^^^^^^^^^
  File "/usr/lib/python3.12/importlib/__init__.py", line 90, in import_module
    return _bootstrap._gcd_import(name[level:], package, level)
           ^^^^^^^^^^^^^^^^^^^^^^^^^^^^^^^^^^^^^^^^^^^^^^^^^^^^
  File "<frozen importlib._bootstrap>", line 1387, in _gcd_import
  File "<frozen importlib._bootstrap>", line 1360, in _find_and_load
  File "<frozen importlib._bootstrap>", line 1324, in _find_and_load_unlocked
ModuleNotFoundError: No module named 'erpnext'

During handling of the above exception, another exception occurred:

Traceback (most recent call last):
  File "/home/ghild/erp-next/apps/frappe/frappe/translate.py", line 174, in get_all_translations
    return frappe.cache.hget(MERGED_TRANSLATION_KEY, lang, generator=_merge_translations)
           ^^^^^^^^^^^^^^^^^^^^^^^^^^^^^^^^^^^^^^^^^^^^^^^^^^^^^^^^^^^^^^^^^^^^^^^^^^^^^^
  File "/home/ghild/erp-next/apps/frappe/frappe/utils/redis_wrapper.py", line 253, in hget
    value = generator()
            ^^^^^^^^^^^
  File "/home/ghild/erp-next/apps/frappe/frappe/translate.py", line 162, in _merge_translations
    all_translations.update(get_translations_from_apps(lang))
                            ^^^^^^^^^^^^^^^^^^^^^^^^^^^^^^^^
  File "/home/ghild/erp-next/apps/frappe/frappe/translate.py", line 190, in get_translations_from_apps
    translations.update(get_translations_from_csv(lang, app) or {})
                        ^^^^^^^^^^^^^^^^^^^^^^^^^^^^^^^^^^^^
  File "/home/ghild/erp-next/apps/frappe/frappe/translate.py", line 202, in get_translations_from_csv
    os.path.join(frappe.get_app_path(app, "translations"), lang + ".csv"), lang, app
                 ^^^^^^^^^^^^^^^^^^^^^^^^^^^^^^^^^^^^^^^^
  File "/home/ghild/erp-next/apps/frappe/frappe/__init__.py", line 846, in get_app_path
    return get_pymodule_path(app_name, *joins)
           ^^^^^^^^^^^^^^^^^^^^^^^^^^^^^^^^^^^
  File "/home/ghild/erp-next/apps/frappe/frappe/__init__.py", line 876, in get_pymodule_path
    return abspath(join(dirname(get_module(scrub(modulename)).__file__ or ""), *joins))
                                ^^^^^^^^^^^^^^^^^^^^^^^^^^^^^
  File "/home/ghild/erp-next/apps/frappe/frappe/__init__.py", line 817, in get_module
    return importlib.import_module(modulename)
           ^^^^^^^^^^^^^^^^^^^^^^^^^^^^^^^^^^^
  File "/usr/lib/python3.12/importlib/__init__.py", line 90, in import_module
    return _bootstrap._gcd_import(name[level:], package, level)
           ^^^^^^^^^^^^^^^^^^^^^^^^^^^^^^^^^^^^^^^^^^^^^^^^^^^^
  File "<frozen importlib._bootstrap>", line 1387, in _gcd_import
  File "<frozen importlib._bootstrap>", line 1360, in _find_and_load
  File "<frozen importlib._bootstrap>", line 1324, in _find_and_load_unlocked
ModuleNotFoundError: No module named 'erpnext'
2025-10-28 09:45:38,439 ERROR frappe New Exception collected in error log
Site: erp-next.localhost
Form Dict: {'txt': '', 'doctype': 'Head Office Master', 'ignore_user_permissions': '0', 'reference_doctype': 'Branch Master', 'page_length': '10', 'cmd': 'frappe.desk.search.search_link'}
2025-10-28 09:57:37,154 ERROR frappe New Exception collected in error log
Site: erp-next.localhost
Form Dict: {'txt': '', 'doctype': 'Head Office Master', 'ignore_user_permissions': '0', 'reference_doctype': 'Branch Master', 'page_length': '10', 'cmd': 'frappe.desk.search.search_link'}
2025-10-28 09:57:51,115 ERROR frappe New Exception collected in error log
Site: erp-next.localhost
Form Dict: {'txt': '', 'doctype': 'Head Office Master', 'ignore_user_permissions': '0', 'reference_doctype': 'Branch Master', 'page_length': '10', 'cmd': 'frappe.desk.search.search_link'}
2025-10-28 09:58:06,353 ERROR frappe New Exception collected in error log
Site: erp-next.localhost
Form Dict: {'txt': '', 'doctype': 'Head Office Master', 'ignore_user_permissions': '0', 'reference_doctype': 'Branch Master', 'page_length': '10', 'cmd': 'frappe.desk.search.search_link'}
2025-10-28 09:59:00,075 ERROR frappe New Exception collected in error log
Site: erp-next.localhost
Form Dict: {'txt': '', 'doctype': 'Head Office Master', 'ignore_user_permissions': '0', 'reference_doctype': 'Branch Master', 'page_length': '10', 'cmd': 'frappe.desk.search.search_link'}
2025-10-28 10:03:40,085 ERROR frappe New Exception collected in error log
Site: erp-next.localhost
Form Dict: {'txt': '', 'doctype': 'Head Office Master', 'ignore_user_permissions': '0', 'reference_doctype': 'Branch Master', 'page_length': '10', 'cmd': 'frappe.desk.search.search_link'}
2025-10-28 10:04:09,927 ERROR frappe New Exception collected in error log
Site: erp-next.localhost
Form Dict: {'txt': '', 'doctype': 'Head Office Master', 'ignore_user_permissions': '0', 'reference_doctype': 'Branch Master', 'page_length': '10', 'cmd': 'frappe.desk.search.search_link'}
2025-10-28 10:25:10,944 ERROR frappe New Exception collected in error log
Site: erp-next.localhost
Form Dict: {'txt': '', 'doctype': 'Head Office Master', 'ignore_user_permissions': '0', 'reference_doctype': 'Branch Master', 'page_length': '10', 'cmd': 'frappe.desk.search.search_link'}
2025-10-28 12:32:29,697 ERROR frappe New Exception collected in error log
Site: erp-next.localhost
Form Dict: {'page': '{"name":"Support","title":"Super Admin","public":1}', 'cmd': 'frappe.desk.desktop.get_desktop_page'}
2025-10-28 12:32:43,579 ERROR frappe New Exception collected in error log
Site: erp-next.localhost
Form Dict: {'page': '{"name":"Support","title":"Super Admin","public":1}', 'cmd': 'frappe.desk.desktop.get_desktop_page'}
2025-10-28 12:32:56,733 ERROR frappe New Exception collected in error log
Site: erp-next.localhost
Form Dict: {'page': '{"name":"Support","title":"Super Admin","public":1}', 'cmd': 'frappe.desk.desktop.get_desktop_page'}
2025-10-28 12:33:00,112 ERROR frappe New Exception collected in error log
Site: erp-next.localhost
Form Dict: {'page': '{"name":"Support","title":"Super Admin","public":1}', 'cmd': 'frappe.desk.desktop.get_desktop_page'}
2025-10-30 09:48:10,771 ERROR frappe New Exception collected in error log
Site: erp-next.localhost
Form Dict: {'doc': '{"docstatus":0,"doctype":"Employees Master","name":"new-employees-master-ldeyccseay","__islocal":1,"__unsaved":1,"owner":"Administrator","employee_type":"Officer","status":"Active","assigned_roles":[{"docstatus":0,"doctype":"Has Role","name":"new-has-role-bgjhylziqh","__islocal":1,"__unsaved":1,"owner":"Administrator","parent":"new-employees-master-ldeyccseay","parentfield":"assigned_roles","parenttype":"Employees Master","idx":1,"role":"Trainer"}],"full_name":"test2","email":"vaibhavghildiyal2101@gmail.com","employee_code":"TES009","user":"vaibhavghildiyal2101@gmail.com"}', 'action': 'Save', 'cmd': 'frappe.desk.form.save.savedocs'}
2025-10-30 09:54:28,644 ERROR frappe New Exception collected in error log
Site: erp-next.localhost
Form Dict: {'doc': '{"docstatus":0,"doctype":"Employees Master","name":"new-employees-master-ldeyccseay","__islocal":1,"__unsaved":1,"owner":"Administrator","employee_type":"Officer","status":"Active","assigned_roles":[{"docstatus":0,"doctype":"Has Role","name":"new-has-role-bgjhylziqh","__islocal":1,"__unsaved":1,"owner":"Administrator","parent":"new-employees-master-ldeyccseay","parentfield":"assigned_roles","parenttype":"Employees Master","idx":1,"role":"Trainer"}],"full_name":"test2","email":"vaibhavghildiyal2101@gmail.com","employee_code":"TES009","user":"vaibhavghildiyal2101@gmail.com"}', 'action': 'Save', 'cmd': 'frappe.desk.form.save.savedocs'}
2025-10-30 10:07:25,291 ERROR frappe New Exception collected in error log
Site: erp-next.localhost
Form Dict: {'doc': '{"docstatus":0,"doctype":"Employees Master","name":"new-employees-master-ldeyccseay","__islocal":1,"__unsaved":1,"owner":"Administrator","employee_type":"Officer","status":"Active","assigned_roles":[{"docstatus":0,"doctype":"Has Role","name":"new-has-role-bgjhylziqh","__islocal":1,"__unsaved":1,"owner":"Administrator","parent":"new-employees-master-ldeyccseay","parentfield":"assigned_roles","parenttype":"Employees Master","idx":1,"role":"Trainer"}],"full_name":"test2","email":"vaibhavghildiyal2101@gmail.com","employee_code":"TES009","user":"vaibhavghildiyal2101@gmail.com"}', 'action': 'Save', 'cmd': 'frappe.desk.form.save.savedocs'}
